<?xml version="1.0" encoding="UTF-8"?>
<testng-results skipped="0" failed="0" ignored="0" total="1" passed="1">
  <reporter-output>
  </reporter-output>
  <suite name="Default suite" duration-ms="20351" started-at="2017-12-03T08:09:48Z" finished-at="2017-12-03T08:10:09Z">
    <groups>
    </groups>
    <test name="Default test" duration-ms="20351" started-at="2017-12-03T08:09:48Z" finished-at="2017-12-03T08:10:09Z">
      <class name="Scripts.TestInValideLogin">
        <test-method status="PASS" signature="openApplication()[pri:0, instance:Scripts.TestInValideLogin@2a5ca609]" name="openApplication" is-config="true" duration-ms="11014" started-at="2017-12-03T13:39:48Z" finished-at="2017-12-03T13:39:59Z">
          <reporter-output>
          </reporter-output>
        </test-method> <!-- openApplication -->
        <test-method status="PASS" signature="testInValideLogin()[pri:0, instance:Scripts.TestInValideLogin@2a5ca609]" name="testInValideLogin" duration-ms="8788" started-at="2017-12-03T13:39:59Z" finished-at="2017-12-03T13:40:08Z">
          <reporter-output>
          </reporter-output>
        </test-method> <!-- testInValideLogin -->
        <test-method status="PASS" signature="closeApplication()[pri:0, instance:Scripts.TestInValideLogin@2a5ca609]" name="closeApplication" is-config="true" duration-ms="531" started-at="2017-12-03T13:40:08Z" finished-at="2017-12-03T13:40:09Z">
          <reporter-output>
          </reporter-output>
        </test-method> <!-- closeApplication -->
      </class> <!-- Scripts.TestInValideLogin -->
    </test> <!-- Default test -->
  </suite> <!-- Default suite -->
</testng-results>
